<?xml version="1.0" encoding="UTF-8"?>
<!-- Generated by org.testng.reporters.JUnitReportReporter -->
<testsuite hostname="MY-PC" failures="0" tests="1" name="testpages.GmailAutomationTest" time="39.757" errors="0" timestamp="2024-04-23T15:48:50 IST" skipped="0">
  <testcase classname="testpages.GmailAutomationTest" name="loginAndComposeEmail" time="39.757"/>
</testsuite> <!-- testpages.GmailAutomationTest -->
